Using pre-set license
Built from '2020.2/staging' branch; Version is '2020.2.6f1 (8a2143876886) revision 9052483'; Using compiler version '192528614'; Build Type 'Release'
OS: 'Windows 10 Pro; OS build 18363.836; Version 1909; 64bit' Language: 'lt' Physical Memory: 8072 MB
BatchMode: 1, IsHumanControllingUs: 0, StartBugReporterOnCrash: 0, Is64bit: 1, IsPro: 0

 COMMAND LINE ARGUMENTS:
C:\Program Files\Unity\Hub\Editor\2020.2.6f1\Editor\Unity.exe
-adb2
-batchMode
-noUpm
-name
AssetImportWorker1
-projectPath
C:/Users/Vesta/Documents/GitHub/Kosmonautai/SpaceArcade/SpaceArcade
-logFile
Logs/AssetImportWorker1.log
-srvPort
50885
Successfully changed project path to: C:/Users/Vesta/Documents/GitHub/Kosmonautai/SpaceArcade/SpaceArcade
C:/Users/Vesta/Documents/GitHub/Kosmonautai/SpaceArcade/SpaceArcade
Using Asset Import Pipeline V2.
